#
# There is insufficient memory for the Java Runtime Environment to continue.
# Native memory allocation (mmap) failed to map 257949696 bytes. Error detail: G1 virtual space
# Possible reasons:
#   The system is out of physical RAM or swap space
#   This process is running with CompressedOops enabled, and the Java Heap may be blocking the growth of the native heap
# Possible solutions:
#   Reduce memory load on the system
#   Increase physical memory or swap space
#   Check if swap backing store is full
#   Decrease Java heap size (-Xmx/-Xms)
#   Decrease number of Java threads
#   Decrease Java thread stack sizes (-Xss)
#   Set larger code cache with -XX:ReservedCodeCacheSize=
#   JVM is running with Zero Based Compressed Oops mode in which the Java heap is
#     placed in the first 32GB address space. The Java Heap base address is the
#     maximum limit for the native heap growth. Please use -XX:HeapBaseMinAddress
#     to set the Java Heap base and to place the Java Heap above 32GB virtual address.
# This output file may be truncated or incomplete.
#
#  Out of Memory Error (os_windows.cpp:3554), pid=9016, tid=19992
#
# JRE version:  (25.0+37) (build )
# Java VM: Java HotSpot(TM) 64-Bit Server VM (25+37-LTS-3491, mixed mode, sharing, tiered, compressed oops, compressed class ptrs, g1 gc, windows-amd64)
# No core dump will be written. Minidumps are not enabled by default on client versions of Windows
#

---------------  S U M M A R Y ------------

Command Line: -Dfile.encoding=UTF-8 -Dstdout.encoding=UTF-8 -Dstderr.encoding=UTF-8 -XX:+ShowCodeDetailsInExceptionMessages ejercicio2.Ejercicio2

Host: AMD Ryzen 5 5600G with Radeon Graphics         , 12 cores, 15G,  Windows 11 , 64 bit Build 26100 (10.0.26100.7019)
Time: Mon Dec  1 20:23:52 2025 Hora estándar romance elapsed time: 1.057378 seconds (0d 0h 0m 1s)

---------------  T H R E A D  ---------------

Current thread (0x0000026774fd5c70):  JavaThread "Unknown thread" [_thread_in_vm, id=19992, stack(0x00000083f0500000,0x00000083f0600000) (1024K)]

Stack: [0x00000083f0500000,0x00000083f0600000]
Native frames: (J=compiled Java code, j=interpreted, Vv=VM code, C=native code)
V  [jvm.dll+0x7a6a39]  (no source info available)
V  [jvm.dll+0x7727ed]  (no source info available)
V  [jvm.dll+0x965f33]  (no source info available)
V  [jvm.dll+0x968531]  (no source info available)
V  [jvm.dll+0x968c33]  (no source info available)
V  [jvm.dll+0x2fc756]  (no source info available)
V  [jvm.dll+0x7a2c65]  (no source info available)
V  [jvm.dll+0x796077]  (no source info available)
V  [jvm.dll+0x3f4698]  (no source info available)
V  [jvm.dll+0x3fc5b6]  (no source info available)
V  [jvm.dll+0x3e8c8e]  (no source info available)
V  [jvm.dll+0x3e8f48]  (no source info available)
V  [jvm.dll+0x3c0045]  (no source info available)
V  [jvm.dll+0x3c0cce]  (no source info available)
V  [jvm.dll+0x92c647]  (no source info available)
V  [jvm.dll+0x458b62]  (no source info available)
V  [jvm.dll+0x90fff2]  (no source info available)
V  [jvm.dll+0x4f9001]  (no source info available)
V  [jvm.dll+0x4fa891]  (no source info available)
C  [jli.dll+0x543e]  (no source info available)
C  [ucrtbase.dll+0x37b0]  (no source info available)
C  [KERNEL32.DLL+0x2e8d7]  (no source info available)
C  [ntdll.dll+0x8c53c]  (no source info available)

Lock stack of current Java thread (top to bottom):


---------------  P R O C E S S  ---------------

Threads class SMR info:
_java_thread_list=0x00007ffd4d735308, length=0, elements={
}

Java Threads: ( => current thread )
Total: 0

Other Threads:
  0x0000026775343340 WorkerThread "GC Thread#0"                     [id=11864, stack(0x00000083f0600000,0x00000083f0700000) (1024K)]
  0x000002677535e210 ConcurrentGCThread "G1 Main Marker"            [id=1564, stack(0x00000083f0700000,0x00000083f0800000) (1024K)]
  0x000002677535f350 WorkerThread "G1 Conc#0"                       [id=2984, stack(0x00000083f0800000,0x00000083f0900000) (1024K)]

[error occurred during error reporting (printing all threads), id 0xc0000005, EXCEPTION_ACCESS_VIOLATION (0xc0000005) at pc=0x00007ffd4ce14c2a]
VM state: not at safepoint (not fully initialized)

VM Mutex/Monitor currently owned by a thread:  ([mutex/lock_event])
[0x00007ffd4d7b9628] Heap_lock - owner thread: 0x0000026774fd5c70

Heap address: 0x000000070a000000, size: 3936 MB, Compressed Oops mode: Zero based, Oop shift amount: 3

CDS archive(s) mapped at: [0x0000000000000000-0x0000000000000000-0x0000000000000000), size 0, SharedBaseAddress: 0x0000000800000000, ArchiveRelocationMode: 1.
UseCompressedClassPointers 1, UseCompactObjectHeaders 0
Narrow klass pointer bits 32, Max shift 3
Narrow klass base: 0xffffffffffffffff, Narrow klass shift: -1
Encoding Range: [0xffffffffffffffff - 0x000000007fffffff), (2147483648 bytes)
Klass Range:    [0x0000000000000000 - 0x0000000000000000), (0 bytes)
Klass ID Range:  [4294967295 - 0) (1)
No protection zone.

GC Precious Log:
 CardTable entry size: 512
 Card Set container configuration: InlinePtr #cards 4 size 8 Array Of Cards #cards 16 size 48 Howl #buckets 8 coarsen threshold 3686 Howl Bitmap #cards 512 size 80 coarsen threshold 460 Card regions per heap region 1 cards per card region 4096

Heap:
 garbage-first heap   total reserved 4030464K, committed 0K, used 0K [0x000000070a000000, 0x0000000800000000)
  region size 2048K, 0 young (0K), 0 survivors (0K)

Heap Regions: E=young(eden), S=young(survivor), O=old, HS=humongous(starts), HC=humongous(continues), CS=collection set, F=free, TAMS=top-at-mark-start, PB=parsable bottom

Card table byte_map: [0x000002670f9d0000,0x0000026710180000] _byte_map_base: 0x000002670c180000

Marking Bits: (CMBitMap*) 0x00000267753458e0
 Bits: [0x0000026710180000, 0x0000026713f00000)

GC Heap Usage History (0 events):
No events

Metaspace Usage History (0 events):
No events

Dll operation events (1 events):
Event: 0.007 Loaded shared library C:\Program Files\Java\jdk-25\bin\java.dll

Deoptimization events (0 events):
No events

Classes loaded (0 events):
No events

Classes unloaded (0 events):
No events

Classes redefined (0 events):
No events

Internal exceptions (0 events):
No events

VM Operations (0 events):
No events

Memory protections (0 events):
No events

Nmethod flushes (0 events):
No events

Events (0 events):
No events


Dynamic libraries:
0x00007ff78b5d0000 - 0x00007ff78b5e0000 	C:\Program Files\Java\jdk-25\bin\javaw.exe
0x00007ffdb1760000 - 0x00007ffdb19c8000 	C:\WINDOWS\SYSTEM32\ntdll.dll
0x00007ffdafe10000 - 0x00007ffdafed9000 	C:\WINDOWS\System32\KERNEL32.DLL
0x00007ffdaeda0000 - 0x00007ffdaf198000 	C:\WINDOWS\System32\KERNELBASE.dll
0x00007ffdae8b0000 - 0x00007ffdae9fb000 	C:\WINDOWS\System32\ucrtbase.dll
0x00007ffd9cd40000 - 0x00007ffd9cd57000 	C:\Program Files\Java\jdk-25\bin\jli.dll
0x00007ffd9cd90000 - 0x00007ffd9cdae000 	C:\Program Files\Java\jdk-25\bin\VCRUNTIME140.dll
0x00007ffdb0610000 - 0x00007ffdb07d7000 	C:\WINDOWS\System32\USER32.dll
0x00007ffd96490000 - 0x00007ffd96724000 	C:\WINDOWS\WinSxS\amd64_microsoft.windows.common-controls_6595b64144ccf1df_6.0.26100.7019_none_3e06ffa0e335b8a8\COMCTL32.dll
0x00007ffdaed70000 - 0x00007ffdaed97000 	C:\WINDOWS\System32\win32u.dll
0x00007ffdafa20000 - 0x00007ffdafac9000 	C:\WINDOWS\System32\msvcrt.dll
0x00007ffdaf600000 - 0x00007ffdaf62b000 	C:\WINDOWS\System32\GDI32.dll
0x00007ffdaf3d0000 - 0x00007ffdaf4fc000 	C:\WINDOWS\System32\gdi32full.dll
0x00007ffdaecc0000 - 0x00007ffdaed63000 	C:\WINDOWS\System32\msvcp_win.dll
0x00007ffdb16d0000 - 0x00007ffdb1701000 	C:\WINDOWS\System32\IMM32.DLL
0x00007ffd9cd30000 - 0x00007ffd9cd3c000 	C:\Program Files\Java\jdk-25\bin\vcruntime140_1.dll
0x00007ffd97b80000 - 0x00007ffd97c0d000 	C:\Program Files\Java\jdk-25\bin\msvcp140.dll
0x00007ffd4ca40000 - 0x00007ffd4d89f000 	C:\Program Files\Java\jdk-25\bin\server\jvm.dll
0x00007ffdb0d70000 - 0x00007ffdb0e24000 	C:\WINDOWS\System32\ADVAPI32.dll
0x00007ffdb0e60000 - 0x00007ffdb0f06000 	C:\WINDOWS\System32\sechost.dll
0x00007ffdb0380000 - 0x00007ffdb0498000 	C:\WINDOWS\System32\RPCRT4.dll
0x00007ffdb0c10000 - 0x00007ffdb0c84000 	C:\WINDOWS\System32\WS2_32.dll
0x00007ffdae710000 - 0x00007ffdae76e000 	C:\WINDOWS\SYSTEM32\POWRPROF.dll
0x00007ffda5800000 - 0x00007ffda5835000 	C:\WINDOWS\SYSTEM32\WINMM.dll
0x00007ffda6d70000 - 0x00007ffda6d7b000 	C:\WINDOWS\SYSTEM32\VERSION.dll
0x00007ffdae6f0000 - 0x00007ffdae704000 	C:\WINDOWS\SYSTEM32\UMPDC.dll
0x00007ffdacd40000 - 0x00007ffdacd5b000 	C:\WINDOWS\SYSTEM32\kernel.appcore.dll
0x00007ffd9cd20000 - 0x00007ffd9cd2a000 	C:\Program Files\Java\jdk-25\bin\jimage.dll
0x00007ffdae070000 - 0x00007ffdae2b2000 	C:\WINDOWS\SYSTEM32\DBGHELP.DLL
0x00007ffdb0880000 - 0x00007ffdb0c0b000 	C:\WINDOWS\System32\combase.dll
0x00007ffdb0c90000 - 0x00007ffdb0d67000 	C:\WINDOWS\System32\OLEAUT32.dll
0x00007ffdadf60000 - 0x00007ffdadf9c000 	C:\WINDOWS\SYSTEM32\dbgcore.DLL
0x00007ffdaf320000 - 0x00007ffdaf3c5000 	C:\WINDOWS\System32\bcryptPrimitives.dll
0x00007ffd9cd00000 - 0x00007ffd9cd1f000 	C:\Program Files\Java\jdk-25\bin\java.dll
0x00007ffdaf6c0000 - 0x00007ffdaf857000 	C:\WINDOWS\System32\ole32.dll
0x00007ffdb0f70000 - 0x00007ffdb16bf000 	C:\WINDOWS\System32\SHELL32.dll
0x00007ffdaeb50000 - 0x00007ffdaecbb000 	C:\WINDOWS\System32\wintypes.dll

JVMTI agents: none

dbghelp: loaded successfully - version: 4.0.5 - missing functions: none
symbol engine: initialized successfully - sym options: 0x614 - pdb path: .;C:\Program Files\Java\jdk-25\bin;C:\WINDOWS\SYSTEM32;C:\WINDOWS\WinSxS\amd64_microsoft.windows.common-controls_6595b64144ccf1df_6.0.26100.7019_none_3e06ffa0e335b8a8;C:\Program Files\Java\jdk-25\bin\server

VM Arguments:
jvm_args: -Dfile.encoding=UTF-8 -Dstdout.encoding=UTF-8 -Dstderr.encoding=UTF-8 -XX:+ShowCodeDetailsInExceptionMessages 
java_command: ejercicio2.Ejercicio2
java_class_path (initial): C:\Users\DAW1\Documents\JavaDocs\GalvánJavier5.16\bin;C:\Users\DAW1\Documents\JavaDocs\GalvánJavier5.16\lib\libtarea1.jar
Launcher Type: SUN_STANDARD

[Global flags]
     intx CICompilerCount                          = 4                                         {product} {ergonomic}
     uint ConcGCThreads                            = 3                                         {product} {ergonomic}
     uint G1ConcRefinementThreads                  = 10                                        {product} {ergonomic}
   size_t G1HeapRegionSize                         = 2097152                                   {product} {ergonomic}
   size_t InitialHeapSize                          = 257949696                                 {product} {ergonomic}
   size_t MarkStackSize                            = 4194304                                   {product} {ergonomic}
   size_t MarkStackSizeMax                         = 536870912                                 {product} {ergonomic}
   size_t MaxHeapSize                              = 4127195136                                {product} {ergonomic}
   size_t MinHeapDeltaBytes                        = 2097152                                   {product} {ergonomic}
   size_t MinHeapSize                              = 8388608                                   {product} {ergonomic}
    uintx NonNMethodCodeHeapSize                   = 5832704                                {pd product} {ergonomic}
    uintx NonProfiledCodeHeapSize                  = 122945536                              {pd product} {ergonomic}
    uintx ProfiledCodeHeapSize                     = 122880000                              {pd product} {ergonomic}
    uintx ReservedCodeCacheSize                    = 251658240                              {pd product} {ergonomic}
     bool SegmentedCodeCache                       = true                                      {product} {ergonomic}
     bool ShowCodeDetailsInExceptionMessages       = true                                   {manageable} {command line}
   size_t SoftMaxHeapSize                          = 4127195136                             {manageable} {ergonomic}
     bool UseCompressedOops                        = true                           {product lp64_product} {ergonomic}
     bool UseG1GC                                  = true                                      {product} {ergonomic}
     bool UseLargePagesIndividualAllocation        = false                                  {pd product} {ergonomic}

Logging:
Log output configuration:
 #0: stdout all=warning uptime,level,tags foldmultilines=false
 #1: stderr all=off uptime,level,tags foldmultilines=false

Release file:
<release file has not been read>
Environment Variables:
PATH=C:/Program Files/eclipse//plugins/org.eclipse.justj.openjdk.hotspot.jre.full.win32.x86_64_21.0.8.v20250724-1412/jre/bin/server;C:/Program Files/eclipse//plugins/org.eclipse.justj.openjdk.hotspot.jre.full.win32.x86_64_21.0.8.v20250724-1412/jre/bin;C:\Program Files\Common Files\Oracle\Java\javapath;C:\WINDOWS\system32;C:\WINDOWS;C:\WINDOWS\System32\Wbem;C:\WINDOWS\System32\WindowsPowerShell\v1.0\;C:\WINDOWS\System32\OpenSSH\;C:\Program Files\Git\cmd;C:\Users\DAW1\AppData\Local\Microsoft\WindowsApps;C:\Users\DAW1\AppData\Local\Programs\Microsoft VS Code\bin;C:\Program Files\eclipse;
USERNAME=daw1
OS=Windows_NT
PROCESSOR_IDENTIFIER=AMD64 Family 25 Model 80 Stepping 0, AuthenticAMD
TMP=C:\Users\DAW1\AppData\Local\Temp
TEMP=C:\Users\DAW1\AppData\Local\Temp




Compilation memory statistics disabled.

Periodic native trim disabled

---------------  S Y S T E M  ---------------

OS:
 Windows 11 , 64 bit Build 26100 (10.0.26100.7019)
OS uptime: 0 days 6:47 hours

CPU: total 12 (initial active 12) (12 cores per cpu, 2 threads per core) family 25 model 80 stepping 0 microcode 0xa50000d, cx8, cmov, fxsr, ht, mmx, 3dnowpref, sse, sse2, sse3, ssse3, sse4a, sse4.1, sse4.2, popcnt, lzcnt, tsc, tscinvbit, avx, avx2, aes, erms, clmul, bmi1, bmi2, adx, sha, fma, vzeroupper, clflush, clflushopt, clwb, rdtscp, rdpid, fsrm, f16c, pku, cet_ss
Processor Information for the first 12 processors :
  Max Mhz: 3901, Current Mhz: 3901, Mhz Limit: 3901

Memory: 4k page, system-wide physical 15743M (1430M free)
TotalPageFile size 41900M (AvailPageFile size 174M)
current process WorkingSet (physical memory assigned to process): 13M, peak: 13M
current process commit charge ("private bytes"): 65M, peak: 310M

vm_info: Java HotSpot(TM) 64-Bit Server VM (25+37-LTS-3491) for windows-amd64 JRE (25+37-LTS-3491), built on 2025-08-14T21:13:00Z with unknown MS VC++:1943

END.
